\BOOKMARK [1][-]{section.1}{\376\377\000T\000h\000e\000\040\000C\000o\000n\000t\000e\000x\000t}{}% 1
\BOOKMARK [1][-]{section.2}{\376\377\000T\000h\000e\000\040\000D\000a\000t\000a}{}% 2
\BOOKMARK [1][-]{section.3}{\376\377\000T\000h\000e\000\040\000D\000e\000c\000o\000d\000i\000n\000g}{}% 3
\BOOKMARK [2][-]{subsubsection.3.0.1}{\376\377\000C\000o\000m\000p\000r\000e\000s\000s\000e\000d\000\040\000a\000n\000d\000\040\000D\000e\000c\000o\000m\000p\000r\000e\000s\000s\000e\000d\000\040\000D\000a\000t\000a\000\040\000P\000o\000i\000n\000t\000\040\000R\000e\000p\000r\000e\000s\000e\000n\000t\000a\000t\000i\000o\000n\000s}{section.3}% 4
\BOOKMARK [2][-]{subsection.3.1}{\376\377\000D\000e\000c\000o\000d\000e\000d\000\040\000D\000a\000t\000a\000\040\000P\000o\000i\000n\000t\000\040\000R\000e\000p\000r\000e\000s\000e\000n\000t\000a\000t\000i\000o\000n}{section.3}% 5
\BOOKMARK [2][-]{subsection.3.2}{\376\377\000I\000f\000\040\000a\000n\000d\000\040\000W\000h\000e\000n\000\040\000A\000c\000t\000u\000a\000l\000\040\000D\000a\000t\000a\000\040\000P\000o\000i\000n\000t\000s\000\040\000c\000a\000n\000\040\000b\000e\000\040\000D\000i\000s\000c\000a\000r\000d\000e\000d}{section.3}% 6
\BOOKMARK [1][-]{section.4}{\376\377\000T\000h\000e\000\040\000E\000n\000c\000o\000d\000i\000n\000g}{}% 7
\BOOKMARK [1][-]{section.5}{\376\377\000L\000o\000s\000s\000i\000n\000e\000s\000s}{}% 8
\BOOKMARK [1][-]{section.6}{\376\377\000P\000r\000o\000p\000e\000r\000t\000i\000e\000s\000\040\000o\000f\000\040\000t\000h\000e\000\040\000S\000y\000s\000t\000e\000m}{}% 9
\BOOKMARK [1][-]{section.7}{\376\377\000C\000o\000m\000p\000r\000e\000s\000s\000i\000o\000n\000\040\000R\000a\000t\000i\000o}{}% 10
\BOOKMARK [1][-]{section.8}{\376\377\000D\000e\000m\000o\000n\000s\000t\000r\000a\000t\000i\000o\000n\000s}{}% 11
\BOOKMARK [1][-]{section.9}{\376\377\000L\000i\000m\000i\000t\000a\000t\000i\000o\000n\000s}{}% 12
\BOOKMARK [2][-]{subsection.9.1}{\376\377\000E\000x\000c\000e\000p\000t\000i\000o\000n\000a\000l\000\040\000C\000a\000s\000e\000s}{section.9}% 13
\BOOKMARK [2][-]{subsection.9.2}{\376\377\000D\000e\000t\000e\000r\000m\000i\000n\000i\000s\000m\000\040\000o\000f\000\040\000R\000e\000s\000u\000l\000t\000s}{section.9}% 14
\BOOKMARK [1][-]{section.10}{\376\377\000F\000u\000r\000t\000h\000e\000r\000\040\000I\000d\000e\000a\000s}{}% 15
\BOOKMARK [1][-]{section.11}{\376\377\000P\000Y\000T\000H\000O\000N\000\040\000D\000E\000V\000E\000L\000O\000P\000M\000E\000N\000T\000\040\000T\000O\000\040\000D\000O\000\040\000L\000I\000S\000T}{}% 16
\BOOKMARK [2][-]{subsection.11.1}{\376\377\000S\000i\000z\000e\000\040\000C\000o\000m\000p\000a\000r\000i\000s\000o\000n\000\040\000\050\000f\000o\000r\000\040\000C\000o\000m\000p\000r\000e\000s\000s\000i\000o\000n\000\040\000s\000e\000c\000t\000i\000o\000n\000\051}{section.11}% 17
\BOOKMARK [2][-]{subsection.11.2}{\376\377\000T\000i\000m\000e\000-\000D\000e\000l\000a\000y\000\040\000S\000i\000m\000u\000l\000a\000t\000i\000o\000n}{section.11}% 18
\BOOKMARK [2][-]{subsection.11.3}{\376\377\000C\000l\000o\000s\000e\000\040\000t\000h\000e\000\040\000F\000i\000n\000a\000l\000\040\000S\000e\000g\000m\000e\000n\000t}{section.11}% 19
\BOOKMARK [2][-]{subsection.11.4}{\376\377\000D\000a\000t\000a\000\040\000V\000a\000l\000u\000e\000s\000\040\000w\000i\000t\000h\000\040\000F\000r\000e\000q\000u\000e\000n\000c\000y\000\040\000G\000r\000e\000a\000t\000e\000r\000\040\000t\000h\000a\000n\000\040\000O\000n\000e}{section.11}% 20
\BOOKMARK [1][-]{section.12}{\376\377\000T\000h\000e\000\040\000M\000o\000t\000i\000v\000a\000t\000i\000o\000n}{}% 21
\BOOKMARK [2][-]{subsection.12.1}{\376\377\000M\000o\000r\000e\000\040\000D\000a\000t\000a\000\040\000T\000h\000a\000n\000\040\000C\000a\000n\000\040\000B\000e\000\040\000S\000t\000o\000r\000e\000d}{section.12}% 22
\BOOKMARK [2][-]{subsection.12.2}{\376\377\000S\000e\000l\000e\000c\000t\000i\000v\000e\000l\000y\000\040\000D\000i\000s\000c\000a\000r\000d\000\040\000U\000n\000n\000e\000c\000e\000s\000s\000a\000r\000y\000\040\000A\000c\000c\000u\000r\000a\000c\000y}{section.12}% 23
\BOOKMARK [1][-]{section.13}{\376\377\000T\000h\000e\000\040\000I\000d\000e\000a\000:\000\040\000B\000e\000s\000t\000-\000F\000i\000t\000\040\000P\000i\000e\000c\000e\000w\000i\000s\000e\000\040\000I\000n\000t\000e\000r\000p\000o\000l\000a\000t\000i\000n\000g\000\040\000P\000o\000l\000y\000n\000o\000m\000i\000a\000l\000s}{}% 24
\BOOKMARK [2][-]{subsection.13.1}{\376\377\000D\000e\000c\000i\000d\000i\000n\000g\000\040\000W\000h\000a\000t\000\040\000t\000o\000\040\000F\000i\000t}{section.13}% 25
\BOOKMARK [3][-]{subsubsection.13.1.1}{\376\377\000U\000s\000i\000n\000g\000\040\000B\000e\000s\000t\000-\000F\000i\000t\000\040\000W\000i\000t\000h\000\040\000a\000\040\000C\000o\000m\000m\000o\000n\000\040\000A\000p\000p\000r\000o\000a\000c\000h}{subsection.13.1}% 26
\BOOKMARK [3][-]{subsubsection.13.1.2}{\376\377\000F\000i\000t\000t\000i\000n\000g\000\040\000T\000i\000m\000e\000\040\000a\000n\000d\000\040\000V\000a\000l\000u\000e\000\040\000D\000a\000t\000a\000\040\000S\000e\000p\000a\000r\000a\000t\000e\000l\000y}{subsection.13.1}% 27
\BOOKMARK [2][-]{subsection.13.2}{\376\377\000I\000n\000t\000e\000r\000p\000r\000e\000t\000i\000n\000g\000\040\000t\000h\000e\000\040\000I\000n\000p\000u\000t\000\040\000D\000a\000t\000a\000\040\000S\000e\000t}{section.13}% 28
\BOOKMARK [3][-]{subsubsection.13.2.1}{\376\377\000A\000d\000j\000a\000c\000e\000n\000t\000\040\000C\000i\000r\000c\000l\000e\000s\000\040\000M\000u\000s\000t\000\040\000b\000e\000\040\000D\000i\000s\000j\000o\000i\000n\000t}{subsection.13.2}% 29
\BOOKMARK [2][-]{subsection.13.3}{\376\377\000A\000\040\000P\000a\000r\000a\000m\000e\000t\000r\000i\000c\000,\000\040\000P\000i\000e\000c\000e\000w\000i\000s\000e\000\040\000C\000u\000r\000v\000e}{section.13}% 30
\BOOKMARK [3][-]{subsubsection.13.3.1}{\376\377\000I\000n\000t\000e\000r\000p\000r\000e\000t\000a\000t\000i\000o\000n\000\040\000a\000n\000d\000\040\000U\000s\000a\000g\000e\000\040\000o\000f\000\040\000P\000a\000r\000a\000m\000e\000t\000e\000r\000\040\000V\000a\000r\000i\000a\000b\000l\000e\000\040\000t}{subsection.13.3}% 31
\BOOKMARK [3][-]{subsubsection.13.3.2}{\376\377\000O\000v\000e\000r\000l\000a\000p\000p\000i\000n\000g\000\040\000A\000r\000c\000s}{subsection.13.3}% 32
\BOOKMARK [1][-]{section.14}{\376\377\000T\000h\000e\000\040\000C\000o\000m\000p\000u\000t\000a\000t\000i\000o\000n}{}% 33
\BOOKMARK [2][-]{subsection.14.1}{\376\377\000S\000u\000b\000s\000c\000r\000i\000p\000t\000s\000,\000\040\000I\000n\000d\000i\000c\000e\000s\000,\000\040\000C\000o\000n\000v\000e\000r\000s\000i\000o\000n\000\040\000a\000n\000d\000\040\000L\000o\000c\000a\000l\000\040\000F\000u\000n\000c\000t\000i\000o\000n\000\040\000S\000c\000o\000p\000e}{section.14}% 34
\BOOKMARK [3][-]{subsubsection.14.1.1}{\376\377\000C\000o\000n\000v\000e\000r\000s\000i\000o\000n\000\040\000o\000f\000\040\000S\000L\000R\000\040\000F\000u\000n\000c\000t\000i\000o\000n\000\040\000S\000u\000b\000s\000c\000r\000i\000p\000t\000s\000\040\000t\000o\000\040\000C\000i\000r\000c\000l\000e\000\040\000I\000n\000d\000i\000c\000e\000s}{subsection.14.1}% 35
\BOOKMARK [3][-]{subsubsection.14.1.2}{\376\377\000S\000y\000m\000b\000o\000l\000s\000\040\000a\000n\000d\000\040\000N\000a\000m\000e\000s\000\040\000L\000o\000c\000a\000l\000\040\000t\000o\000\040\000S\000L\000R\000\040\000G\000r\000o\000u\000p\000\040\000C\000o\000m\000p\000u\000t\000a\000t\000i\000o\000n}{subsection.14.1}% 36
\BOOKMARK [2][-]{subsection.14.2}{\376\377\000C\000o\000m\000p\000u\000t\000a\000t\000i\000o\000n\000\040\000o\000f\000\040\000a\000n\000\040\000S\000L\000R\000\040\000F\000u\000n\000c\000t\000i\000o\000n\000\040\000G\000r\000o\000u\000p}{section.14}% 37
\BOOKMARK [3][-]{subsubsection.14.2.1}{\376\377\000T\000h\000e\000\040\000S\000e\000n\000d\000i\000n\000g\000\040\000F\000u\000n\000c\000t\000i\000o\000n\000\040\000S}{subsection.14.2}% 38
\BOOKMARK [4][-]{figure.caption.9}{\376\377\000F\000i\000n\000d\000i\000n\000g\000\040\000a\000n\000\040\000e\000x\000p\000r\000e\000s\000s\000i\000o\000n\000\040\000f\000o\000r\000\040\000T\0001\000S}{subsubsection.14.2.1}% 39
\BOOKMARK [4][-]{equation.14.8}{\376\377\000C\000o\000n\000v\000e\000r\000t\000i\000n\000g\000\040\000f\000r\000o\000m\000\040\000P\000a\000r\000a\000m\000e\000t\000e\000r\000\040\000t\000\040\000t\000o\000\040\000a\000n\000\040\000A\000n\000g\000l\000e}{subsubsection.14.2.1}% 40
\BOOKMARK [4][-]{equation.14.11}{\376\377\000B\000r\000i\000n\000g\000i\000n\000g\000\040\000i\000t\000\040\000A\000l\000l\000\040\000T\000o\000g\000e\000t\000h\000e\000r\000:\000\040\000S\000e\000n\000d\000i\000n\000g\000\040\000F\000u\000n\000c\000t\000i\000o\000n\000\040\000S}{subsubsection.14.2.1}% 41
\BOOKMARK [3][-]{subsubsection.14.2.2}{\376\377\000T\000h\000e\000\040\000L\000i\000n\000e\000\040\000S\000e\000g\000m\000e\000n\000t\000\040\000F\000u\000n\000c\000t\000i\000o\000n\000\040\000L}{subsection.14.2}% 42
\BOOKMARK [3][-]{subsubsection.14.2.3}{\376\377\000T\000h\000e\000\040\000R\000e\000c\000e\000i\000v\000i\000n\000g\000\040\000F\000u\000n\000c\000t\000i\000o\000n\000\040\000R}{subsection.14.2}% 43
\BOOKMARK [3][-]{subsubsection.14.2.4}{\376\377\000T\000h\000e\000\040\000F\000i\000n\000a\000l\000\040\000P\000o\000i\000n\000t\000\040\000A\000n\0002\000-\0001}{subsection.14.2}% 44
\BOOKMARK [1][-]{section.15}{\376\377\000T\000h\000e\000\040\000R\000e\000s\000u\000l\000t\000s}{}% 45
\BOOKMARK [1][-]{section.16}{\376\377\000N\000o\000t\000a\000b\000l\000e\000\040\000C\000u\000r\000v\000e\000\040\000P\000r\000o\000p\000e\000r\000t\000i\000e\000s}{}% 46
\BOOKMARK [1][-]{section.17}{\376\377\000L\000i\000m\000i\000t\000a\000t\000i\000o\000n\000s}{}% 47
\BOOKMARK [2][-]{subsection.17.1}{\376\377\000D\000e\000g\000e\000n\000e\000r\000a\000t\000e\000\040\000A\000r\000c\000s}{section.17}% 48
\BOOKMARK [1][-]{section.18}{\376\377\000F\000u\000r\000t\000h\000e\000r\000\040\000I\000d\000e\000a\000s}{}% 49
